  [1m[36m (1.7ms)[0m  [1mCREATE TABLE "schema_migrations" ("version" varchar NOT NULL) [0m
  [1m[35m (0.1ms)[0m  select sqlite_version(*)
  [1m[36m (1.6ms)[0m  [1mCREATE UNIQUE INDEX "unique_schema_migrations" ON "schema_migrations" ("version")[0m
  [1m[35mActiveRecord::SchemaMigration Load (0.1ms)[0m  SELECT "schema_migrations".* FROM "schema_migrations"


Started GET "/" for ::1 at 2015-11-17 17:47:54 -0600
Processing by Rails::WelcomeController#index as HTML
  Rendered /Users/admin/.rvm/gems/ruby-2.1.2/gems/railties-4.2.3/lib/rails/templates/rails/welcome/index.html.erb (2.8ms)
Completed 200 OK in 27ms (Views: 19.4ms | ActiveRecord: 0.0ms)
  [1m[36mActiveRecord::SchemaMigration Load (0.1ms)[0m  [1mSELECT "schema_migrations".* FROM "schema_migrations"[0m
Migrating to CreateStudents (1)
  [1m[35m (0.1ms)[0m  begin transaction
  [1m[36m (0.4ms)[0m  [1mCREATE TABLE "students" ("id" INTEGER PRIMARY KEY AUTOINCREMENT NOT NULL, "first_name" varchar, "last_name" varchar, "created_at" datetime NOT NULL, "updated_at" datetime NOT NULL) [0m
  [1m[35mSQL (0.3ms)[0m  INSERT INTO "schema_migrations" ("version") VALUES (?)  [["version", "1"]]
  [1m[36m (1.4ms)[0m  [1mcommit transaction[0m
  [1m[35mActiveRecord::SchemaMigration Load (0.1ms)[0m  SELECT "schema_migrations".* FROM "schema_migrations"
  [1m[36m (0.1ms)[0m  [1mbegin transaction[0m
  [1m[35mSQL (0.3ms)[0m  INSERT INTO "students" ("first_name", "last_name", "created_at", "updated_at") VALUES (?, ?, ?, ?)  [["first_name", "Jordan"], ["last_name", "Hudgens"], ["created_at", "2015-11-18 00:10:55.545365"], ["updated_at", "2015-11-18 00:10:55.545365"]]
  [1m[36m (2.9ms)[0m  [1mcommit transaction[0m
  [1m[35mStudent Load (0.2ms)[0m  SELECT  "students".* FROM "students"  ORDER BY "students"."id" DESC LIMIT 1
  [1m[36m (0.1ms)[0m  [1mbegin transaction[0m
  [1m[35mSQL (0.3ms)[0m  INSERT INTO "students" ("created_at", "updated_at") VALUES (?, ?)  [["created_at", "2015-11-18 00:17:49.095449"], ["updated_at", "2015-11-18 00:17:49.095449"]]
  [1m[36m (1.2ms)[0m  [1mcommit transaction[0m
  [1m[35mStudent Load (0.2ms)[0m  SELECT  "students".* FROM "students"  ORDER BY "students"."id" DESC LIMIT 1
  [1m[36mActiveRecord::SchemaMigration Load (0.1ms)[0m  [1mSELECT "schema_migrations".* FROM "schema_migrations"[0m
  [1m[35mActiveRecord::SchemaMigration Load (0.1ms)[0m  SELECT "schema_migrations".* FROM "schema_migrations"


Started GET "/" for ::1 at 2015-11-18 13:36:42 -0600
  [1m[36mActiveRecord::SchemaMigration Load (0.1ms)[0m  [1mSELECT "schema_migrations".* FROM "schema_migrations"[0m
Processing by Rails::WelcomeController#index as HTML
  Rendered /Users/admin/.rvm/gems/ruby-2.1.2/gems/railties-4.2.3/lib/rails/templates/rails/welcome/index.html.erb (2.4ms)
Completed 200 OK in 39ms (Views: 24.5ms | ActiveRecord: 0.0ms)


Started GET "/" for ::1 at 2015-11-18 13:37:10 -0600
Processing by Rails::WelcomeController#index as HTML
  Rendered /Users/admin/.rvm/gems/ruby-2.1.2/gems/railties-4.2.3/lib/rails/templates/rails/welcome/index.html.erb (0.0ms)
Completed 200 OK in 1ms (Views: 0.7ms | ActiveRecord: 0.0ms)
  [1m[36mActiveRecord::SchemaMigration Load (0.2ms)[0m  [1mSELECT "schema_migrations".* FROM "schema_migrations"[0m
Migrating to CreateSchoolClasses (20161229001554)
  [1m[35m (0.1ms)[0m  begin transaction
  [1m[36m (0.6ms)[0m  [1mCREATE TABLE "school_classes" ("id" INTEGER PRIMARY KEY AUTOINCREMENT NOT NULL, "title" varchar, "room_number" integer, "created_at" datetime NOT NULL, "updated_at" datetime NOT NULL) [0m
  [1m[35mSQL (0.2ms)[0m  INSERT INTO "schema_migrations" ("version") VALUES (?)  [["version", "20161229001554"]]
  [1m[36m (2.1ms)[0m  [1mcommit transaction[0m
  [1m[35mActiveRecord::SchemaMigration Load (0.1ms)[0m  SELECT "schema_migrations".* FROM "schema_migrations"


Started GET "/school_classes" for ::1 at 2016-12-28 20:32:16 -0500
  [1m[36mActiveRecord::SchemaMigration Load (0.1ms)[0m  [1mSELECT "schema_migrations".* FROM "schema_migrations"[0m
Processing by SchoolClassesController#index as HTML
  Rendered school_classes/index.html.erb within layouts/application (0.9ms)
Completed 500 Internal Server Error in 21ms (ActiveRecord: 0.0ms)

SyntaxError (/Users/jenniferwong/Development/code/rails-form_for-lab-web-1116/app/views/school_classes/index.html.erb:3: syntax error, unexpected keyword_class, expecting '|'
'.freeze;   @classes.each do |class| 
                                   ^
/Users/jenniferwong/Development/code/rails-form_for-lab-web-1116/app/views/school_classes/index.html.erb:4: syntax error, unexpected '.'
...e;@output_buffer.append=(class.title );@output_buffer.safe_a...
...                               ^
/Users/jenniferwong/Development/code/rails-form_for-lab-web-1116/app/views/school_classes/index.html.erb:8: syntax error, unexpected keyword_ensure, expecting end-of-input):
  app/views/school_classes/index.html.erb:3: syntax error, unexpected keyword_class, expecting '|'
  app/views/school_classes/index.html.erb:4: syntax error, unexpected '.'
  app/views/school_classes/index.html.erb:8: syntax error, unexpected keyword_ensure, expecting end-of-input


  Rendered /Users/jenniferwong/.rvm/gems/ruby-2.3.2/gems/actionpack-4.2.3/lib/action_dispatch/middleware/templates/rescues/_source.erb (5.7ms)
  Rendered /Users/jenniferwong/.rvm/gems/ruby-2.3.2/gems/actionpack-4.2.3/lib/action_dispatch/middleware/templates/rescues/_trace.html.erb (3.6ms)
  Rendered /Users/jenniferwong/.rvm/gems/ruby-2.3.2/gems/actionpack-4.2.3/lib/action_dispatch/middleware/templates/rescues/_request_and_response.html.erb (1.4ms)
  Rendered /Users/jenniferwong/.rvm/gems/ruby-2.3.2/gems/actionpack-4.2.3/lib/action_dispatch/middleware/templates/rescues/diagnostics.html.erb within rescues/layout (73.5ms)
  Rendered /Users/jenniferwong/.rvm/gems/ruby-2.3.2/gems/web-console-2.2.1/lib/web_console/templates/_markup.html.erb (0.6ms)
  Rendered /Users/jenniferwong/.rvm/gems/ruby-2.3.2/gems/web-console-2.2.1/lib/web_console/templates/_inner_console_markup.html.erb within layouts/inlined_string (0.6ms)
  Rendered /Users/jenniferwong/.rvm/gems/ruby-2.3.2/gems/web-console-2.2.1/lib/web_console/templates/_prompt_box_markup.html.erb within layouts/inlined_string (0.3ms)
  Rendered /Users/jenniferwong/.rvm/gems/ruby-2.3.2/gems/web-console-2.2.1/lib/web_console/templates/style.css.erb within layouts/inlined_string (0.4ms)
  Rendered /Users/jenniferwong/.rvm/gems/ruby-2.3.2/gems/web-console-2.2.1/lib/web_console/templates/console.js.erb within layouts/javascript (59.2ms)
  Rendered /Users/jenniferwong/.rvm/gems/ruby-2.3.2/gems/web-console-2.2.1/lib/web_console/templates/main.js.erb within layouts/javascript (0.3ms)
  Rendered /Users/jenniferwong/.rvm/gems/ruby-2.3.2/gems/web-console-2.2.1/lib/web_console/templates/error_page.js.erb within layouts/javascript (0.6ms)
  Rendered /Users/jenniferwong/.rvm/gems/ruby-2.3.2/gems/web-console-2.2.1/lib/web_console/templates/index.html.erb (129.9ms)


Started GET "/school_classes" for ::1 at 2016-12-28 20:34:07 -0500
Processing by SchoolClassesController#index as HTML
  Rendered school_classes/index.html.erb within layouts/application (0.7ms)
Completed 500 Internal Server Error in 6ms (ActiveRecord: 0.0ms)

SyntaxError (/Users/jenniferwong/Development/code/rails-form_for-lab-web-1116/app/views/school_classes/index.html.erb:3: syntax error, unexpected keyword_class, expecting '|'
'.freeze;   @classes.each do |class| 
                                   ^
/Users/jenniferwong/Development/code/rails-form_for-lab-web-1116/app/views/school_classes/index.html.erb:4: syntax error, unexpected '.'
...;@output_buffer.append=( class.title );@output_buffer.safe_a...
...                               ^
/Users/jenniferwong/Development/code/rails-form_for-lab-web-1116/app/views/school_classes/index.html.erb:8: syntax error, unexpected keyword_ensure, expecting end-of-input):
  app/views/school_classes/index.html.erb:3: syntax error, unexpected keyword_class, expecting '|'
  app/views/school_classes/index.html.erb:4: syntax error, unexpected '.'
  app/views/school_classes/index.html.erb:8: syntax error, unexpected keyword_ensure, expecting end-of-input


  Rendered /Users/jenniferwong/.rvm/gems/ruby-2.3.2/gems/actionpack-4.2.3/lib/action_dispatch/middleware/templates/rescues/_source.erb (5.7ms)
  Rendered /Users/jenniferwong/.rvm/gems/ruby-2.3.2/gems/actionpack-4.2.3/lib/action_dispatch/middleware/templates/rescues/_trace.html.erb (2.4ms)
  Rendered /Users/jenniferwong/.rvm/gems/ruby-2.3.2/gems/actionpack-4.2.3/lib/action_dispatch/middleware/templates/rescues/_request_and_response.html.erb (1.1ms)
  Rendered /Users/jenniferwong/.rvm/gems/ruby-2.3.2/gems/actionpack-4.2.3/lib/action_dispatch/middleware/templates/rescues/diagnostics.html.erb within rescues/layout (61.2ms)
  Rendered /Users/jenniferwong/.rvm/gems/ruby-2.3.2/gems/web-console-2.2.1/lib/web_console/templates/_markup.html.erb (0.4ms)
  Rendered /Users/jenniferwong/.rvm/gems/ruby-2.3.2/gems/web-console-2.2.1/lib/web_console/templates/_inner_console_markup.html.erb within layouts/inlined_string (0.6ms)
  Rendered /Users/jenniferwong/.rvm/gems/ruby-2.3.2/gems/web-console-2.2.1/lib/web_console/templates/_prompt_box_markup.html.erb within layouts/inlined_string (0.3ms)
  Rendered /Users/jenniferwong/.rvm/gems/ruby-2.3.2/gems/web-console-2.2.1/lib/web_console/templates/style.css.erb within layouts/inlined_string (0.4ms)
  Rendered /Users/jenniferwong/.rvm/gems/ruby-2.3.2/gems/web-console-2.2.1/lib/web_console/templates/console.js.erb within layouts/javascript (52.3ms)
  Rendered /Users/jenniferwong/.rvm/gems/ruby-2.3.2/gems/web-console-2.2.1/lib/web_console/templates/main.js.erb within layouts/javascript (0.3ms)
  Rendered /Users/jenniferwong/.rvm/gems/ruby-2.3.2/gems/web-console-2.2.1/lib/web_console/templates/error_page.js.erb within layouts/javascript (0.5ms)
  Rendered /Users/jenniferwong/.rvm/gems/ruby-2.3.2/gems/web-console-2.2.1/lib/web_console/templates/index.html.erb (111.0ms)


Started GET "/school_classes" for ::1 at 2016-12-28 20:35:08 -0500
Processing by SchoolClassesController#index as HTML
  [1m[35mSchoolClass Load (0.3ms)[0m  SELECT "school_classes".* FROM "school_classes"
  Rendered school_classes/index.html.erb within layouts/application (2.5ms)
Completed 200 OK in 3056ms (Views: 3054.9ms | ActiveRecord: 0.5ms)


Started GET "/school_classes" for ::1 at 2016-12-28 20:37:28 -0500
Processing by SchoolClassesController#index as HTML
  Rendered school_classes/index.html.erb within layouts/application (3.4ms)
Completed 500 Internal Server Error in 8ms (ActiveRecord: 0.0ms)

ActionView::Template::Error (undefined method `each' for nil:NilClass):
    1: <h1>Classes</h1>
    2: <ul>
    3:   <% @schooclasses.each do |schoolclass| %>
    4:   <li><%= schoolclass.title %> </li>
    5:   <%end %>
    6: </ul>
  app/views/school_classes/index.html.erb:3:in `_app_views_school_classes_index_html_erb__3736692798705001821_70327530778600'


  Rendered /Users/jenniferwong/.rvm/gems/ruby-2.3.2/gems/actionpack-4.2.3/lib/action_dispatch/middleware/templates/rescues/_source.erb (4.7ms)
  Rendered /Users/jenniferwong/.rvm/gems/ruby-2.3.2/gems/actionpack-4.2.3/lib/action_dispatch/middleware/templates/rescues/_trace.html.erb (2.1ms)
  Rendered /Users/jenniferwong/.rvm/gems/ruby-2.3.2/gems/actionpack-4.2.3/lib/action_dispatch/middleware/templates/rescues/_request_and_response.html.erb (0.8ms)
  Rendered /Users/jenniferwong/.rvm/gems/ruby-2.3.2/gems/actionpack-4.2.3/lib/action_dispatch/middleware/templates/rescues/template_error.html.erb within rescues/layout (60.1ms)
  Rendered /Users/jenniferwong/.rvm/gems/ruby-2.3.2/gems/web-console-2.2.1/lib/web_console/templates/_markup.html.erb (0.5ms)
  Rendered /Users/jenniferwong/.rvm/gems/ruby-2.3.2/gems/web-console-2.2.1/lib/web_console/templates/_inner_console_markup.html.erb within layouts/inlined_string (0.3ms)
  Rendered /Users/jenniferwong/.rvm/gems/ruby-2.3.2/gems/web-console-2.2.1/lib/web_console/templates/_prompt_box_markup.html.erb within layouts/inlined_string (0.3ms)
  Rendered /Users/jenniferwong/.rvm/gems/ruby-2.3.2/gems/web-console-2.2.1/lib/web_console/templates/style.css.erb within layouts/inlined_string (0.3ms)
  Rendered /Users/jenniferwong/.rvm/gems/ruby-2.3.2/gems/web-console-2.2.1/lib/web_console/templates/console.js.erb within layouts/javascript (52.1ms)
  Rendered /Users/jenniferwong/.rvm/gems/ruby-2.3.2/gems/web-console-2.2.1/lib/web_console/templates/main.js.erb within layouts/javascript (0.3ms)
  Rendered /Users/jenniferwong/.rvm/gems/ruby-2.3.2/gems/web-console-2.2.1/lib/web_console/templates/error_page.js.erb within layouts/javascript (0.4ms)
  Rendered /Users/jenniferwong/.rvm/gems/ruby-2.3.2/gems/web-console-2.2.1/lib/web_console/templates/index.html.erb (117.8ms)


Started GET "/school_classes" for ::1 at 2016-12-28 20:38:01 -0500
Processing by SchoolClassesController#index as HTML
  Rendered school_classes/index.html.erb within layouts/application (3.4ms)
Completed 500 Internal Server Error in 8ms (ActiveRecord: 0.0ms)

ActionView::Template::Error (undefined method `each' for nil:NilClass):
    1: <h1>Classes</h1>
    2: <ul>
    3:   <% @schooclasses.each do |sc| %>
    4:   <li><%= sc.title %> </li>
    5:   <%end %>
    6: </ul>
  app/views/school_classes/index.html.erb:3:in `_app_views_school_classes_index_html_erb__3736692798705001821_70327558753760'


  Rendered /Users/jenniferwong/.rvm/gems/ruby-2.3.2/gems/actionpack-4.2.3/lib/action_dispatch/middleware/templates/rescues/_source.erb (7.8ms)
  Rendered /Users/jenniferwong/.rvm/gems/ruby-2.3.2/gems/actionpack-4.2.3/lib/action_dispatch/middleware/templates/rescues/_trace.html.erb (3.2ms)
  Rendered /Users/jenniferwong/.rvm/gems/ruby-2.3.2/gems/actionpack-4.2.3/lib/action_dispatch/middleware/templates/rescues/_request_and_response.html.erb (1.3ms)
  Rendered /Users/jenniferwong/.rvm/gems/ruby-2.3.2/gems/actionpack-4.2.3/lib/action_dispatch/middleware/templates/rescues/template_error.html.erb within rescues/layout (64.2ms)
  Rendered /Users/jenniferwong/.rvm/gems/ruby-2.3.2/gems/web-console-2.2.1/lib/web_console/templates/_markup.html.erb (0.5ms)
  Rendered /Users/jenniferwong/.rvm/gems/ruby-2.3.2/gems/web-console-2.2.1/lib/web_console/templates/_inner_console_markup.html.erb within layouts/inlined_string (0.3ms)
  Rendered /Users/jenniferwong/.rvm/gems/ruby-2.3.2/gems/web-console-2.2.1/lib/web_console/templates/_prompt_box_markup.html.erb within layouts/inlined_string (0.3ms)
  Rendered /Users/jenniferwong/.rvm/gems/ruby-2.3.2/gems/web-console-2.2.1/lib/web_console/templates/style.css.erb within layouts/inlined_string (0.6ms)
  Rendered /Users/jenniferwong/.rvm/gems/ruby-2.3.2/gems/web-console-2.2.1/lib/web_console/templates/console.js.erb within layouts/javascript (52.5ms)
  Rendered /Users/jenniferwong/.rvm/gems/ruby-2.3.2/gems/web-console-2.2.1/lib/web_console/templates/main.js.erb within layouts/javascript (0.3ms)
  Rendered /Users/jenniferwong/.rvm/gems/ruby-2.3.2/gems/web-console-2.2.1/lib/web_console/templates/error_page.js.erb within layouts/javascript (0.5ms)
  Rendered /Users/jenniferwong/.rvm/gems/ruby-2.3.2/gems/web-console-2.2.1/lib/web_console/templates/index.html.erb (112.1ms)


Started GET "/school_classes" for ::1 at 2016-12-28 20:38:29 -0500

SyntaxError (/Users/jenniferwong/Development/code/rails-form_for-lab-web-1116/app/controllers/school_classes_controller.rb:7: `@' without identifiers is not allowed as an instance variable name
/Users/jenniferwong/Development/code/rails-form_for-lab-web-1116/app/controllers/school_classes_controller.rb:7: syntax error, unexpected end-of-input):
  app/controllers/school_classes_controller.rb:7: `@' without identifiers is not allowed as an instance variable name
  app/controllers/school_classes_controller.rb:7: syntax error, unexpected end-of-input


  Rendered /Users/jenniferwong/.rvm/gems/ruby-2.3.2/gems/actionpack-4.2.3/lib/action_dispatch/middleware/templates/rescues/_source.erb (3.8ms)
  Rendered /Users/jenniferwong/.rvm/gems/ruby-2.3.2/gems/actionpack-4.2.3/lib/action_dispatch/middleware/templates/rescues/_trace.html.erb (1.8ms)
  Rendered /Users/jenniferwong/.rvm/gems/ruby-2.3.2/gems/actionpack-4.2.3/lib/action_dispatch/middleware/templates/rescues/_request_and_response.html.erb (1.1ms)
  Rendered /Users/jenniferwong/.rvm/gems/ruby-2.3.2/gems/actionpack-4.2.3/lib/action_dispatch/middleware/templates/rescues/diagnostics.html.erb within rescues/layout (60.3ms)
  Rendered /Users/jenniferwong/.rvm/gems/ruby-2.3.2/gems/web-console-2.2.1/lib/web_console/templates/_markup.html.erb (0.4ms)
  Rendered /Users/jenniferwong/.rvm/gems/ruby-2.3.2/gems/web-console-2.2.1/lib/web_console/templates/_inner_console_markup.html.erb within layouts/inlined_string (0.3ms)
  Rendered /Users/jenniferwong/.rvm/gems/ruby-2.3.2/gems/web-console-2.2.1/lib/web_console/templates/_prompt_box_markup.html.erb within layouts/inlined_string (0.4ms)
  Rendered /Users/jenniferwong/.rvm/gems/ruby-2.3.2/gems/web-console-2.2.1/lib/web_console/templates/style.css.erb within layouts/inlined_string (0.5ms)
  Rendered /Users/jenniferwong/.rvm/gems/ruby-2.3.2/gems/web-console-2.2.1/lib/web_console/templates/console.js.erb within layouts/javascript (50.4ms)
  Rendered /Users/jenniferwong/.rvm/gems/ruby-2.3.2/gems/web-console-2.2.1/lib/web_console/templates/main.js.erb within layouts/javascript (0.3ms)
  Rendered /Users/jenniferwong/.rvm/gems/ruby-2.3.2/gems/web-console-2.2.1/lib/web_console/templates/error_page.js.erb within layouts/javascript (0.4ms)
  Rendered /Users/jenniferwong/.rvm/gems/ruby-2.3.2/gems/web-console-2.2.1/lib/web_console/templates/index.html.erb (112.0ms)


Started GET "/school_classes" for ::1 at 2016-12-28 20:38:54 -0500

SyntaxError (/Users/jenniferwong/Development/code/rails-form_for-lab-web-1116/app/controllers/school_classes_controller.rb:7: `@' without identifiers is not allowed as an instance variable name
/Users/jenniferwong/Development/code/rails-form_for-lab-web-1116/app/controllers/school_classes_controller.rb:7: syntax error, unexpected end-of-input):
  app/controllers/school_classes_controller.rb:7: `@' without identifiers is not allowed as an instance variable name
  app/controllers/school_classes_controller.rb:7: syntax error, unexpected end-of-input


  Rendered /Users/jenniferwong/.rvm/gems/ruby-2.3.2/gems/actionpack-4.2.3/lib/action_dispatch/middleware/templates/rescues/_source.erb (3.6ms)
  Rendered /Users/jenniferwong/.rvm/gems/ruby-2.3.2/gems/actionpack-4.2.3/lib/action_dispatch/middleware/templates/rescues/_trace.html.erb (2.0ms)
  Rendered /Users/jenniferwong/.rvm/gems/ruby-2.3.2/gems/actionpack-4.2.3/lib/action_dispatch/middleware/templates/rescues/_request_and_response.html.erb (1.1ms)
  Rendered /Users/jenniferwong/.rvm/gems/ruby-2.3.2/gems/actionpack-4.2.3/lib/action_dispatch/middleware/templates/rescues/diagnostics.html.erb within rescues/layout (55.6ms)
  Rendered /Users/jenniferwong/.rvm/gems/ruby-2.3.2/gems/web-console-2.2.1/lib/web_console/templates/_markup.html.erb (0.3ms)
  Rendered /Users/jenniferwong/.rvm/gems/ruby-2.3.2/gems/web-console-2.2.1/lib/web_console/templates/_inner_console_markup.html.erb within layouts/inlined_string (0.3ms)
  Rendered /Users/jenniferwong/.rvm/gems/ruby-2.3.2/gems/web-console-2.2.1/lib/web_console/templates/_prompt_box_markup.html.erb within layouts/inlined_string (0.3ms)
  Rendered /Users/jenniferwong/.rvm/gems/ruby-2.3.2/gems/web-console-2.2.1/lib/web_console/templates/style.css.erb within layouts/inlined_string (0.3ms)
  Rendered /Users/jenniferwong/.rvm/gems/ruby-2.3.2/gems/web-console-2.2.1/lib/web_console/templates/console.js.erb within layouts/javascript (48.8ms)
  Rendered /Users/jenniferwong/.rvm/gems/ruby-2.3.2/gems/web-console-2.2.1/lib/web_console/templates/main.js.erb within layouts/javascript (0.3ms)
  Rendered /Users/jenniferwong/.rvm/gems/ruby-2.3.2/gems/web-console-2.2.1/lib/web_console/templates/error_page.js.erb within layouts/javascript (0.4ms)
  Rendered /Users/jenniferwong/.rvm/gems/ruby-2.3.2/gems/web-console-2.2.1/lib/web_console/templates/index.html.erb (108.1ms)


Started GET "/school_classes" for ::1 at 2016-12-28 20:39:09 -0500
Processing by SchoolClassesController#index as HTML
  [1m[36mSchoolClass Load (0.3ms)[0m  [1mSELECT "school_classes".* FROM "school_classes"[0m
  Rendered school_classes/index.html.erb within layouts/application (1.8ms)
Completed 200 OK in 38ms (Views: 35.7ms | ActiveRecord: 0.4ms)


Started GET "/school_classes/new" for ::1 at 2016-12-28 20:45:09 -0500
Processing by SchoolClassesController#new as HTML
  Rendered school_classes/new.html.erb within layouts/application (13.3ms)
Completed 200 OK in 47ms (Views: 39.8ms | ActiveRecord: 0.5ms)


Started POST "/school_classes" for ::1 at 2016-12-28 21:15:45 -0500
Processing by SchoolClassesController#create as HTML
  Parameters: {"utf8"=>"✓", "authenticity_token"=>"6WVACeZggwRS8vfGMZyK3l7fHSSXYzk8lWztinuJef9tPW3x0kBAg17QpCVSc8Q2EseuhQa7re93h1gnpeU/Pg==", "school_class"=>{"title"=>"Computer Science", "room_number"=>"1234"}, "commit"=>"Create School class"}
  [1m[35m (0.1ms)[0m  begin transaction
  [1m[36mSQL (0.8ms)[0m  [1mINSERT INTO "school_classes" ("title", "room_number", "created_at", "updated_at") VALUES (?, ?, ?, ?)[0m  [["title", "Computer Science"], ["room_number", 1234], ["created_at", "2016-12-29 02:15:45.569017"], ["updated_at", "2016-12-29 02:15:45.569017"]]
  [1m[35m (4.9ms)[0m  commit transaction
Redirected to http://localhost:3000/school_classes/1
Completed 302 Found in 20ms (ActiveRecord: 6.3ms)


Started GET "/school_classes/1" for ::1 at 2016-12-28 21:15:45 -0500
Processing by SchoolClassesController#show as HTML
  Parameters: {"id"=>"1"}
  [1m[36mSchoolClass Load (0.2ms)[0m  [1mSELECT  "school_classes".* FROM "school_classes" WHERE "school_classes"."id" = ? LIMIT 1[0m  [["id", 1]]
  Rendered school_classes/show.html.erb within layouts/application (0.5ms)
Completed 200 OK in 44ms (Views: 33.1ms | ActiveRecord: 0.2ms)


Started GET "/school_classes/1/edit" for ::1 at 2016-12-28 21:15:57 -0500
Processing by SchoolClassesController#edit as HTML
  Parameters: {"id"=>"1"}
  Rendered school_classes/edit.html.erb within layouts/application (2.5ms)
Completed 500 Internal Server Error in 7ms (ActiveRecord: 0.0ms)

ActionView::Template::Error (First argument in form cannot contain nil or be empty):
    1: <%=form_for(@school_class) do |f| %>
    2: <p><%=f.label :title %>
    3: <%= f.text_field :title%></p>
    4: <p><%=f.label :room_number %>
  app/views/school_classes/edit.html.erb:1:in `_app_views_school_classes_edit_html_erb__4607702336709685950_70327556609800'


  Rendered /Users/jenniferwong/.rvm/gems/ruby-2.3.2/gems/actionpack-4.2.3/lib/action_dispatch/middleware/templates/rescues/_source.erb (5.2ms)
  Rendered /Users/jenniferwong/.rvm/gems/ruby-2.3.2/gems/actionpack-4.2.3/lib/action_dispatch/middleware/templates/rescues/_trace.html.erb (3.3ms)
  Rendered /Users/jenniferwong/.rvm/gems/ruby-2.3.2/gems/actionpack-4.2.3/lib/action_dispatch/middleware/templates/rescues/_request_and_response.html.erb (1.1ms)
  Rendered /Users/jenniferwong/.rvm/gems/ruby-2.3.2/gems/actionpack-4.2.3/lib/action_dispatch/middleware/templates/rescues/template_error.html.erb within rescues/layout (63.7ms)
  Rendered /Users/jenniferwong/.rvm/gems/ruby-2.3.2/gems/web-console-2.2.1/lib/web_console/templates/_markup.html.erb (0.4ms)
  Rendered /Users/jenniferwong/.rvm/gems/ruby-2.3.2/gems/web-console-2.2.1/lib/web_console/templates/_inner_console_markup.html.erb within layouts/inlined_string (0.3ms)
  Rendered /Users/jenniferwong/.rvm/gems/ruby-2.3.2/gems/web-console-2.2.1/lib/web_console/templates/_prompt_box_markup.html.erb within layouts/inlined_string (0.3ms)
  Rendered /Users/jenniferwong/.rvm/gems/ruby-2.3.2/gems/web-console-2.2.1/lib/web_console/templates/style.css.erb within layouts/inlined_string (0.4ms)
  Rendered /Users/jenniferwong/.rvm/gems/ruby-2.3.2/gems/web-console-2.2.1/lib/web_console/templates/console.js.erb within layouts/javascript (54.2ms)
  Rendered /Users/jenniferwong/.rvm/gems/ruby-2.3.2/gems/web-console-2.2.1/lib/web_console/templates/main.js.erb within layouts/javascript (0.3ms)
  Rendered /Users/jenniferwong/.rvm/gems/ruby-2.3.2/gems/web-console-2.2.1/lib/web_console/templates/error_page.js.erb within layouts/javascript (0.5ms)
  Rendered /Users/jenniferwong/.rvm/gems/ruby-2.3.2/gems/web-console-2.2.1/lib/web_console/templates/index.html.erb (119.6ms)


Started GET "/school_classes/1" for ::1 at 2016-12-28 21:18:12 -0500
Processing by SchoolClassesController#show as HTML
  Parameters: {"id"=>"1"}
  [1m[35mSchoolClass Load (0.2ms)[0m  SELECT  "school_classes".* FROM "school_classes" WHERE "school_classes"."id" = ? LIMIT 1  [["id", 1]]
  Rendered school_classes/show.html.erb within layouts/application (28.0ms)
Completed 500 Internal Server Error in 36ms (ActiveRecord: 0.2ms)

ActionView::Template::Error (undefined method `edit_school_path' for #<#<Class:0x007fecd1b64458>:0x007fecd249b918>
Did you mean?  edit_school_class_path):
    1: <h1><%= @school_class.title %></h1>
    2: <h1><%= @school_class.room_number %></h1>
    3: 
    4: <%= link_to @school_class.title, edit_school_path(@school_class) %>
  app/views/school_classes/show.html.erb:4:in `_app_views_school_classes_show_html_erb___1329979524681003965_70327558525680'


  Rendered /Users/jenniferwong/.rvm/gems/ruby-2.3.2/gems/actionpack-4.2.3/lib/action_dispatch/middleware/templates/rescues/_source.erb (5.4ms)
  Rendered /Users/jenniferwong/.rvm/gems/ruby-2.3.2/gems/actionpack-4.2.3/lib/action_dispatch/middleware/templates/rescues/_trace.html.erb (2.5ms)
  Rendered /Users/jenniferwong/.rvm/gems/ruby-2.3.2/gems/actionpack-4.2.3/lib/action_dispatch/middleware/templates/rescues/_request_and_response.html.erb (1.0ms)
  Rendered /Users/jenniferwong/.rvm/gems/ruby-2.3.2/gems/actionpack-4.2.3/lib/action_dispatch/middleware/templates/rescues/template_error.html.erb within rescues/layout (66.4ms)
  Rendered /Users/jenniferwong/.rvm/gems/ruby-2.3.2/gems/web-console-2.2.1/lib/web_console/templates/_markup.html.erb (0.5ms)
  Rendered /Users/jenniferwong/.rvm/gems/ruby-2.3.2/gems/web-console-2.2.1/lib/web_console/templates/_inner_console_markup.html.erb within layouts/inlined_string (0.3ms)
  Rendered /Users/jenniferwong/.rvm/gems/ruby-2.3.2/gems/web-console-2.2.1/lib/web_console/templates/_prompt_box_markup.html.erb within layouts/inlined_string (0.3ms)
  Rendered /Users/jenniferwong/.rvm/gems/ruby-2.3.2/gems/web-console-2.2.1/lib/web_console/templates/style.css.erb within layouts/inlined_string (0.4ms)
  Rendered /Users/jenniferwong/.rvm/gems/ruby-2.3.2/gems/web-console-2.2.1/lib/web_console/templates/console.js.erb within layouts/javascript (47.8ms)
  Rendered /Users/jenniferwong/.rvm/gems/ruby-2.3.2/gems/web-console-2.2.1/lib/web_console/templates/main.js.erb within layouts/javascript (0.3ms)
  Rendered /Users/jenniferwong/.rvm/gems/ruby-2.3.2/gems/web-console-2.2.1/lib/web_console/templates/error_page.js.erb within layouts/javascript (0.4ms)
  Rendered /Users/jenniferwong/.rvm/gems/ruby-2.3.2/gems/web-console-2.2.1/lib/web_console/templates/index.html.erb (107.4ms)


Started GET "/school_classes/1" for ::1 at 2016-12-28 21:19:14 -0500
Processing by SchoolClassesController#show as HTML
  Parameters: {"id"=>"1"}
  [1m[36mSchoolClass Load (0.1ms)[0m  [1mSELECT  "school_classes".* FROM "school_classes" WHERE "school_classes"."id" = ? LIMIT 1[0m  [["id", 1]]
  Rendered school_classes/show.html.erb within layouts/application (0.9ms)
Completed 200 OK in 30ms (Views: 28.6ms | ActiveRecord: 0.1ms)


Started GET "/school_classes/1/edit" for ::1 at 2016-12-28 21:19:16 -0500
Processing by SchoolClassesController#edit as HTML
  Parameters: {"id"=>"1"}
  Rendered school_classes/edit.html.erb within layouts/application (3.0ms)
Completed 500 Internal Server Error in 8ms (ActiveRecord: 0.0ms)

ActionView::Template::Error (First argument in form cannot contain nil or be empty):
    1: <%=form_for(@school_class) do |f| %>
    2: <p><%=f.label :title %>
    3: <%= f.text_field :title%></p>
    4: <p><%=f.label :room_number %>
  app/views/school_classes/edit.html.erb:1:in `_app_views_school_classes_edit_html_erb__4607702336709685950_70327529329620'


  Rendered /Users/jenniferwong/.rvm/gems/ruby-2.3.2/gems/actionpack-4.2.3/lib/action_dispatch/middleware/templates/rescues/_source.erb (9.2ms)
  Rendered /Users/jenniferwong/.rvm/gems/ruby-2.3.2/gems/actionpack-4.2.3/lib/action_dispatch/middleware/templates/rescues/_trace.html.erb (2.4ms)
  Rendered /Users/jenniferwong/.rvm/gems/ruby-2.3.2/gems/actionpack-4.2.3/lib/action_dispatch/middleware/templates/rescues/_request_and_response.html.erb (0.9ms)
  Rendered /Users/jenniferwong/.rvm/gems/ruby-2.3.2/gems/actionpack-4.2.3/lib/action_dispatch/middleware/templates/rescues/template_error.html.erb within rescues/layout (64.5ms)
  Rendered /Users/jenniferwong/.rvm/gems/ruby-2.3.2/gems/web-console-2.2.1/lib/web_console/templates/_markup.html.erb (0.4ms)
  Rendered /Users/jenniferwong/.rvm/gems/ruby-2.3.2/gems/web-console-2.2.1/lib/web_console/templates/_inner_console_markup.html.erb within layouts/inlined_string (0.3ms)
  Rendered /Users/jenniferwong/.rvm/gems/ruby-2.3.2/gems/web-console-2.2.1/lib/web_console/templates/_prompt_box_markup.html.erb within layouts/inlined_string (0.3ms)
  Rendered /Users/jenniferwong/.rvm/gems/ruby-2.3.2/gems/web-console-2.2.1/lib/web_console/templates/style.css.erb within layouts/inlined_string (0.3ms)
  Rendered /Users/jenniferwong/.rvm/gems/ruby-2.3.2/gems/web-console-2.2.1/lib/web_console/templates/console.js.erb within layouts/javascript (51.1ms)
  Rendered /Users/jenniferwong/.rvm/gems/ruby-2.3.2/gems/web-console-2.2.1/lib/web_console/templates/main.js.erb within layouts/javascript (0.3ms)
  Rendered /Users/jenniferwong/.rvm/gems/ruby-2.3.2/gems/web-console-2.2.1/lib/web_console/templates/error_page.js.erb within layouts/javascript (0.4ms)
  Rendered /Users/jenniferwong/.rvm/gems/ruby-2.3.2/gems/web-console-2.2.1/lib/web_console/templates/index.html.erb (108.9ms)


Started GET "/school_classes/1/edit" for ::1 at 2016-12-28 21:19:16 -0500
Processing by SchoolClassesController#edit as HTML
  Parameters: {"id"=>"1"}
  Rendered school_classes/edit.html.erb within layouts/application (2.6ms)
Completed 500 Internal Server Error in 8ms (ActiveRecord: 0.0ms)

ActionView::Template::Error (First argument in form cannot contain nil or be empty):
    1: <%=form_for(@school_class) do |f| %>
    2: <p><%=f.label :title %>
    3: <%= f.text_field :title%></p>
    4: <p><%=f.label :room_number %>
  app/views/school_classes/edit.html.erb:1:in `_app_views_school_classes_edit_html_erb__4607702336709685950_70327556609800'


  Rendered /Users/jenniferwong/.rvm/gems/ruby-2.3.2/gems/actionpack-4.2.3/lib/action_dispatch/middleware/templates/rescues/_source.erb (5.0ms)
  Rendered /Users/jenniferwong/.rvm/gems/ruby-2.3.2/gems/actionpack-4.2.3/lib/action_dispatch/middleware/templates/rescues/_trace.html.erb (2.7ms)
  Rendered /Users/jenniferwong/.rvm/gems/ruby-2.3.2/gems/actionpack-4.2.3/lib/action_dispatch/middleware/templates/rescues/_request_and_response.html.erb (0.9ms)
  Rendered /Users/jenniferwong/.rvm/gems/ruby-2.3.2/gems/actionpack-4.2.3/lib/action_dispatch/middleware/templates/rescues/template_error.html.erb within rescues/layout (59.3ms)
  Rendered /Users/jenniferwong/.rvm/gems/ruby-2.3.2/gems/web-console-2.2.1/lib/web_console/templates/_markup.html.erb (0.3ms)
  Rendered /Users/jenniferwong/.rvm/gems/ruby-2.3.2/gems/web-console-2.2.1/lib/web_console/templates/_inner_console_markup.html.erb within layouts/inlined_string (0.3ms)
  Rendered /Users/jenniferwong/.rvm/gems/ruby-2.3.2/gems/web-console-2.2.1/lib/web_console/templates/_prompt_box_markup.html.erb within layouts/inlined_string (0.3ms)
  Rendered /Users/jenniferwong/.rvm/gems/ruby-2.3.2/gems/web-console-2.2.1/lib/web_console/templates/style.css.erb within layouts/inlined_string (0.4ms)
  Rendered /Users/jenniferwong/.rvm/gems/ruby-2.3.2/gems/web-console-2.2.1/lib/web_console/templates/console.js.erb within layouts/javascript (54.6ms)
  Rendered /Users/jenniferwong/.rvm/gems/ruby-2.3.2/gems/web-console-2.2.1/lib/web_console/templates/main.js.erb within layouts/javascript (0.4ms)
  Rendered /Users/jenniferwong/.rvm/gems/ruby-2.3.2/gems/web-console-2.2.1/lib/web_console/templates/error_page.js.erb within layouts/javascript (0.5ms)
  Rendered /Users/jenniferwong/.rvm/gems/ruby-2.3.2/gems/web-console-2.2.1/lib/web_console/templates/index.html.erb (114.3ms)


Started GET "/school_classes/1/edit" for ::1 at 2016-12-28 21:22:22 -0500
Processing by SchoolClassesController#edit as HTML
  Parameters: {"id"=>"1"}
  Rendered school_classes/edit.html.erb within layouts/application (2.7ms)
Completed 500 Internal Server Error in 8ms (ActiveRecord: 0.0ms)

ActionView::Template::Error (First argument in form cannot contain nil or be empty):
    1: <%=form_for(@school_class) do |f| %>
    2: <p><%=f.label :title %>
    3: <%= f.text_field :title%></p>
    4: <p><%=f.label :room_number %>
  app/views/school_classes/edit.html.erb:1:in `_app_views_school_classes_edit_html_erb__4607702336709685950_70327529329620'


  Rendered /Users/jenniferwong/.rvm/gems/ruby-2.3.2/gems/actionpack-4.2.3/lib/action_dispatch/middleware/templates/rescues/_source.erb (5.1ms)
  Rendered /Users/jenniferwong/.rvm/gems/ruby-2.3.2/gems/actionpack-4.2.3/lib/action_dispatch/middleware/templates/rescues/_trace.html.erb (3.5ms)
  Rendered /Users/jenniferwong/.rvm/gems/ruby-2.3.2/gems/actionpack-4.2.3/lib/action_dispatch/middleware/templates/rescues/_request_and_response.html.erb (1.0ms)
  Rendered /Users/jenniferwong/.rvm/gems/ruby-2.3.2/gems/actionpack-4.2.3/lib/action_dispatch/middleware/templates/rescues/template_error.html.erb within rescues/layout (61.0ms)
  Rendered /Users/jenniferwong/.rvm/gems/ruby-2.3.2/gems/web-console-2.2.1/lib/web_console/templates/_markup.html.erb (0.4ms)
  Rendered /Users/jenniferwong/.rvm/gems/ruby-2.3.2/gems/web-console-2.2.1/lib/web_console/templates/_inner_console_markup.html.erb within layouts/inlined_string (0.3ms)
  Rendered /Users/jenniferwong/.rvm/gems/ruby-2.3.2/gems/web-console-2.2.1/lib/web_console/templates/_prompt_box_markup.html.erb within layouts/inlined_string (0.3ms)
  Rendered /Users/jenniferwong/.rvm/gems/ruby-2.3.2/gems/web-console-2.2.1/lib/web_console/templates/style.css.erb within layouts/inlined_string (0.3ms)
  Rendered /Users/jenniferwong/.rvm/gems/ruby-2.3.2/gems/web-console-2.2.1/lib/web_console/templates/console.js.erb within layouts/javascript (45.3ms)
  Rendered /Users/jenniferwong/.rvm/gems/ruby-2.3.2/gems/web-console-2.2.1/lib/web_console/templates/main.js.erb within layouts/javascript (0.3ms)
  Rendered /Users/jenniferwong/.rvm/gems/ruby-2.3.2/gems/web-console-2.2.1/lib/web_console/templates/error_page.js.erb within layouts/javascript (0.4ms)
  Rendered /Users/jenniferwong/.rvm/gems/ruby-2.3.2/gems/web-console-2.2.1/lib/web_console/templates/index.html.erb (109.2ms)


Started GET "/school_classes/1/edit" for ::1 at 2016-12-28 21:22:23 -0500
Processing by SchoolClassesController#edit as HTML
  Parameters: {"id"=>"1"}
  Rendered school_classes/edit.html.erb within layouts/application (1.9ms)
Completed 500 Internal Server Error in 6ms (ActiveRecord: 0.0ms)

ActionView::Template::Error (First argument in form cannot contain nil or be empty):
    1: <%=form_for(@school_class) do |f| %>
    2: <p><%=f.label :title %>
    3: <%= f.text_field :title%></p>
    4: <p><%=f.label :room_number %>
  app/views/school_classes/edit.html.erb:1:in `_app_views_school_classes_edit_html_erb__4607702336709685950_70327556609800'


  Rendered /Users/jenniferwong/.rvm/gems/ruby-2.3.2/gems/actionpack-4.2.3/lib/action_dispatch/middleware/templates/rescues/_source.erb (5.7ms)
  Rendered /Users/jenniferwong/.rvm/gems/ruby-2.3.2/gems/actionpack-4.2.3/lib/action_dispatch/middleware/templates/rescues/_trace.html.erb (2.4ms)
  Rendered /Users/jenniferwong/.rvm/gems/ruby-2.3.2/gems/actionpack-4.2.3/lib/action_dispatch/middleware/templates/rescues/_request_and_response.html.erb (0.8ms)
  Rendered /Users/jenniferwong/.rvm/gems/ruby-2.3.2/gems/actionpack-4.2.3/lib/action_dispatch/middleware/templates/rescues/template_error.html.erb within rescues/layout (58.7ms)
  Rendered /Users/jenniferwong/.rvm/gems/ruby-2.3.2/gems/web-console-2.2.1/lib/web_console/templates/_markup.html.erb (0.5ms)
  Rendered /Users/jenniferwong/.rvm/gems/ruby-2.3.2/gems/web-console-2.2.1/lib/web_console/templates/_inner_console_markup.html.erb within layouts/inlined_string (0.4ms)
  Rendered /Users/jenniferwong/.rvm/gems/ruby-2.3.2/gems/web-console-2.2.1/lib/web_console/templates/_prompt_box_markup.html.erb within layouts/inlined_string (0.3ms)
  Rendered /Users/jenniferwong/.rvm/gems/ruby-2.3.2/gems/web-console-2.2.1/lib/web_console/templates/style.css.erb within layouts/inlined_string (0.4ms)
  Rendered /Users/jenniferwong/.rvm/gems/ruby-2.3.2/gems/web-console-2.2.1/lib/web_console/templates/console.js.erb within layouts/javascript (47.3ms)
  Rendered /Users/jenniferwong/.rvm/gems/ruby-2.3.2/gems/web-console-2.2.1/lib/web_console/templates/main.js.erb within layouts/javascript (0.3ms)
  Rendered /Users/jenniferwong/.rvm/gems/ruby-2.3.2/gems/web-console-2.2.1/lib/web_console/templates/error_page.js.erb within layouts/javascript (0.4ms)
  Rendered /Users/jenniferwong/.rvm/gems/ruby-2.3.2/gems/web-console-2.2.1/lib/web_console/templates/index.html.erb (106.7ms)


Started GET "/school_classes/1/edit" for ::1 at 2016-12-28 21:25:16 -0500
Processing by SchoolClassesController#edit as HTML
  Parameters: {"id"=>"1"}
  Rendered school_classes/edit.html.erb within layouts/application (2.1ms)
Completed 500 Internal Server Error in 6ms (ActiveRecord: 0.0ms)

ActionView::Template::Error (First argument in form cannot contain nil or be empty):
    1: <%=form_for(@school_class) do |f| %>
    2: <p>
    3:   <label>School Class title:</label>
    4: <%= f.text_field :title%></p>
  app/views/school_classes/edit.html.erb:1:in `_app_views_school_classes_edit_html_erb__4607702336709685950_70327517604260'


  Rendered /Users/jenniferwong/.rvm/gems/ruby-2.3.2/gems/actionpack-4.2.3/lib/action_dispatch/middleware/templates/rescues/_source.erb (6.7ms)
  Rendered /Users/jenniferwong/.rvm/gems/ruby-2.3.2/gems/actionpack-4.2.3/lib/action_dispatch/middleware/templates/rescues/_trace.html.erb (3.0ms)
  Rendered /Users/jenniferwong/.rvm/gems/ruby-2.3.2/gems/actionpack-4.2.3/lib/action_dispatch/middleware/templates/rescues/_request_and_response.html.erb (0.9ms)
  Rendered /Users/jenniferwong/.rvm/gems/ruby-2.3.2/gems/actionpack-4.2.3/lib/action_dispatch/middleware/templates/rescues/template_error.html.erb within rescues/layout (66.2ms)
  Rendered /Users/jenniferwong/.rvm/gems/ruby-2.3.2/gems/web-console-2.2.1/lib/web_console/templates/_markup.html.erb (0.4ms)
  Rendered /Users/jenniferwong/.rvm/gems/ruby-2.3.2/gems/web-console-2.2.1/lib/web_console/templates/_inner_console_markup.html.erb within layouts/inlined_string (0.4ms)
  Rendered /Users/jenniferwong/.rvm/gems/ruby-2.3.2/gems/web-console-2.2.1/lib/web_console/templates/_prompt_box_markup.html.erb within layouts/inlined_string (0.3ms)
  Rendered /Users/jenniferwong/.rvm/gems/ruby-2.3.2/gems/web-console-2.2.1/lib/web_console/templates/style.css.erb within layouts/inlined_string (0.4ms)
  Rendered /Users/jenniferwong/.rvm/gems/ruby-2.3.2/gems/web-console-2.2.1/lib/web_console/templates/console.js.erb within layouts/javascript (53.8ms)
  Rendered /Users/jenniferwong/.rvm/gems/ruby-2.3.2/gems/web-console-2.2.1/lib/web_console/templates/main.js.erb within layouts/javascript (0.4ms)
  Rendered /Users/jenniferwong/.rvm/gems/ruby-2.3.2/gems/web-console-2.2.1/lib/web_console/templates/error_page.js.erb within layouts/javascript (0.5ms)
  Rendered /Users/jenniferwong/.rvm/gems/ruby-2.3.2/gems/web-console-2.2.1/lib/web_console/templates/index.html.erb (118.6ms)


Started GET "/students/new" for ::1 at 2016-12-28 21:31:00 -0500
Processing by StudentsController#new as HTML
  Rendered students/new.html.erb within layouts/application (2.9ms)
Completed 200 OK in 43ms (Views: 37.8ms | ActiveRecord: 0.5ms)


Started POST "/students" for ::1 at 2016-12-28 21:31:08 -0500
Processing by StudentsController#create as HTML
  Parameters: {"utf8"=>"✓", "authenticity_token"=>"BhhGgsMwPKObxiz0byTmM36pjaTyvlDa4Gt968+W5gmCQGt69xD/JJfkfxcMy6jbMrE+BWNmxAkCgMhGEfqgyA==", "student"=>{"first_name"=>"Jennifer", "last_name"=>"Wong"}, "commit"=>"Create Student"}
  [1m[35m (0.1ms)[0m  begin transaction
  [1m[36mSQL (0.6ms)[0m  [1mINSERT INTO "students" ("first_name", "last_name", "created_at", "updated_at") VALUES (?, ?, ?, ?)[0m  [["first_name", "Jennifer"], ["last_name", "Wong"], ["created_at", "2016-12-29 02:31:08.801549"], ["updated_at", "2016-12-29 02:31:08.801549"]]
  [1m[35m (4.0ms)[0m  commit transaction
Redirected to http://localhost:3000/students/3
Completed 302 Found in 11ms (ActiveRecord: 4.7ms)


Started GET "/students/3" for ::1 at 2016-12-28 21:31:08 -0500
Processing by StudentsController#show as HTML
  Parameters: {"id"=>"3"}
  [1m[36mStudent Load (0.3ms)[0m  [1mSELECT  "students".* FROM "students" WHERE "students"."id" = ? LIMIT 1[0m  [["id", 3]]
  Rendered students/show.html.erb within layouts/application (1.0ms)
Completed 200 OK in 33ms (Views: 29.7ms | ActiveRecord: 0.3ms)


Started GET "/students/3/edit" for ::1 at 2016-12-28 21:31:16 -0500
Processing by StudentsController#edit as HTML
  Parameters: {"id"=>"3"}
  Rendered students/edit.html.erb within layouts/application (2.7ms)
Completed 500 Internal Server Error in 7ms (ActiveRecord: 0.0ms)

ActionView::Template::Error (First argument in form cannot contain nil or be empty):
    1: <%=form_for(@student) do |f| %>
    2: <p>
    3:   <%=f.label :first_name %>
    4:   <%=f.text_field :first_name %>
  app/views/students/edit.html.erb:1:in `_app_views_students_edit_html_erb___1906696070084923805_70327521658800'


  Rendered /Users/jenniferwong/.rvm/gems/ruby-2.3.2/gems/actionpack-4.2.3/lib/action_dispatch/middleware/templates/rescues/_source.erb (5.2ms)
  Rendered /Users/jenniferwong/.rvm/gems/ruby-2.3.2/gems/actionpack-4.2.3/lib/action_dispatch/middleware/templates/rescues/_trace.html.erb (2.8ms)
  Rendered /Users/jenniferwong/.rvm/gems/ruby-2.3.2/gems/actionpack-4.2.3/lib/action_dispatch/middleware/templates/rescues/_request_and_response.html.erb (0.9ms)
  Rendered /Users/jenniferwong/.rvm/gems/ruby-2.3.2/gems/actionpack-4.2.3/lib/action_dispatch/middleware/templates/rescues/template_error.html.erb within rescues/layout (61.6ms)
  Rendered /Users/jenniferwong/.rvm/gems/ruby-2.3.2/gems/web-console-2.2.1/lib/web_console/templates/_markup.html.erb (0.4ms)
  Rendered /Users/jenniferwong/.rvm/gems/ruby-2.3.2/gems/web-console-2.2.1/lib/web_console/templates/_inner_console_markup.html.erb within layouts/inlined_string (0.4ms)
  Rendered /Users/jenniferwong/.rvm/gems/ruby-2.3.2/gems/web-console-2.2.1/lib/web_console/templates/_prompt_box_markup.html.erb within layouts/inlined_string (0.4ms)
  Rendered /Users/jenniferwong/.rvm/gems/ruby-2.3.2/gems/web-console-2.2.1/lib/web_console/templates/style.css.erb within layouts/inlined_string (0.4ms)
  Rendered /Users/jenniferwong/.rvm/gems/ruby-2.3.2/gems/web-console-2.2.1/lib/web_console/templates/console.js.erb within layouts/javascript (51.2ms)
  Rendered /Users/jenniferwong/.rvm/gems/ruby-2.3.2/gems/web-console-2.2.1/lib/web_console/templates/main.js.erb within layouts/javascript (0.4ms)
  Rendered /Users/jenniferwong/.rvm/gems/ruby-2.3.2/gems/web-console-2.2.1/lib/web_console/templates/error_page.js.erb within layouts/javascript (0.7ms)
  Rendered /Users/jenniferwong/.rvm/gems/ruby-2.3.2/gems/web-console-2.2.1/lib/web_console/templates/index.html.erb (117.4ms)


Started GET "/students/3/edit" for ::1 at 2016-12-28 21:31:16 -0500
Processing by StudentsController#edit as HTML
  Parameters: {"id"=>"3"}
  Rendered students/edit.html.erb within layouts/application (2.7ms)
Completed 500 Internal Server Error in 7ms (ActiveRecord: 0.0ms)

ActionView::Template::Error (First argument in form cannot contain nil or be empty):
    1: <%=form_for(@student) do |f| %>
    2: <p>
    3:   <%=f.label :first_name %>
    4:   <%=f.text_field :first_name %>
  app/views/students/edit.html.erb:1:in `_app_views_students_edit_html_erb___1906696070084923805_70327520136180'


  Rendered /Users/jenniferwong/.rvm/gems/ruby-2.3.2/gems/actionpack-4.2.3/lib/action_dispatch/middleware/templates/rescues/_source.erb (5.7ms)
  Rendered /Users/jenniferwong/.rvm/gems/ruby-2.3.2/gems/actionpack-4.2.3/lib/action_dispatch/middleware/templates/rescues/_trace.html.erb (2.3ms)
  Rendered /Users/jenniferwong/.rvm/gems/ruby-2.3.2/gems/actionpack-4.2.3/lib/action_dispatch/middleware/templates/rescues/_request_and_response.html.erb (2.0ms)
  Rendered /Users/jenniferwong/.rvm/gems/ruby-2.3.2/gems/actionpack-4.2.3/lib/action_dispatch/middleware/templates/rescues/template_error.html.erb within rescues/layout (66.3ms)
  Rendered /Users/jenniferwong/.rvm/gems/ruby-2.3.2/gems/web-console-2.2.1/lib/web_console/templates/_markup.html.erb (0.5ms)
  Rendered /Users/jenniferwong/.rvm/gems/ruby-2.3.2/gems/web-console-2.2.1/lib/web_console/templates/_inner_console_markup.html.erb within layouts/inlined_string (0.3ms)
  Rendered /Users/jenniferwong/.rvm/gems/ruby-2.3.2/gems/web-console-2.2.1/lib/web_console/templates/_prompt_box_markup.html.erb within layouts/inlined_string (0.3ms)
  Rendered /Users/jenniferwong/.rvm/gems/ruby-2.3.2/gems/web-console-2.2.1/lib/web_console/templates/style.css.erb within layouts/inlined_string (0.4ms)
  Rendered /Users/jenniferwong/.rvm/gems/ruby-2.3.2/gems/web-console-2.2.1/lib/web_console/templates/console.js.erb within layouts/javascript (48.6ms)
  Rendered /Users/jenniferwong/.rvm/gems/ruby-2.3.2/gems/web-console-2.2.1/lib/web_console/templates/main.js.erb within layouts/javascript (0.3ms)
  Rendered /Users/jenniferwong/.rvm/gems/ruby-2.3.2/gems/web-console-2.2.1/lib/web_console/templates/error_page.js.erb within layouts/javascript (0.4ms)
  Rendered /Users/jenniferwong/.rvm/gems/ruby-2.3.2/gems/web-console-2.2.1/lib/web_console/templates/index.html.erb (109.6ms)


Started GET "/students/3" for ::1 at 2016-12-28 21:32:19 -0500
Processing by StudentsController#show as HTML
  Parameters: {"id"=>"3"}
  [1m[35mStudent Load (0.1ms)[0m  SELECT  "students".* FROM "students" WHERE "students"."id" = ? LIMIT 1  [["id", 3]]
  Rendered students/show.html.erb within layouts/application (1.0ms)
Completed 200 OK in 31ms (Views: 30.5ms | ActiveRecord: 0.1ms)


Started GET "/students" for ::1 at 2016-12-28 21:32:29 -0500
Processing by StudentsController#index as HTML
  [1m[36mStudent Load (0.4ms)[0m  [1mSELECT "students".* FROM "students"[0m
  Rendered students/index.html.erb within layouts/application (5.2ms)
Completed 500 Internal Server Error in 10ms (ActiveRecord: 0.4ms)

ActionView::Template::Error (undefined method `+' for nil:NilClass):
    1: <h1>Student Index</h1>
    2: <ul>
    3:   <% @students.each do |student| %>
    4:   <li><%= student.to_s %></li>
    5:   <%end %>
    6: </ul>
    7: 
  app/models/student.rb:3:in `to_s'
  app/views/students/index.html.erb:4:in `block in _app_views_students_index_html_erb___3627875916722016072_70327559668540'
  app/views/students/index.html.erb:3:in `_app_views_students_index_html_erb___3627875916722016072_70327559668540'


  Rendered /Users/jenniferwong/.rvm/gems/ruby-2.3.2/gems/actionpack-4.2.3/lib/action_dispatch/middleware/templates/rescues/_source.erb (5.5ms)
  Rendered /Users/jenniferwong/.rvm/gems/ruby-2.3.2/gems/actionpack-4.2.3/lib/action_dispatch/middleware/templates/rescues/_trace.html.erb (2.6ms)
  Rendered /Users/jenniferwong/.rvm/gems/ruby-2.3.2/gems/actionpack-4.2.3/lib/action_dispatch/middleware/templates/rescues/_request_and_response.html.erb (0.9ms)
  Rendered /Users/jenniferwong/.rvm/gems/ruby-2.3.2/gems/actionpack-4.2.3/lib/action_dispatch/middleware/templates/rescues/template_error.html.erb within rescues/layout (63.0ms)
  Rendered /Users/jenniferwong/.rvm/gems/ruby-2.3.2/gems/web-console-2.2.1/lib/web_console/templates/_markup.html.erb (0.4ms)
  Rendered /Users/jenniferwong/.rvm/gems/ruby-2.3.2/gems/web-console-2.2.1/lib/web_console/templates/_inner_console_markup.html.erb within layouts/inlined_string (0.3ms)
  Rendered /Users/jenniferwong/.rvm/gems/ruby-2.3.2/gems/web-console-2.2.1/lib/web_console/templates/_prompt_box_markup.html.erb within layouts/inlined_string (0.3ms)
  Rendered /Users/jenniferwong/.rvm/gems/ruby-2.3.2/gems/web-console-2.2.1/lib/web_console/templates/style.css.erb within layouts/inlined_string (0.3ms)
  Rendered /Users/jenniferwong/.rvm/gems/ruby-2.3.2/gems/web-console-2.2.1/lib/web_console/templates/console.js.erb within layouts/javascript (50.3ms)
  Rendered /Users/jenniferwong/.rvm/gems/ruby-2.3.2/gems/web-console-2.2.1/lib/web_console/templates/main.js.erb within layouts/javascript (0.4ms)
  Rendered /Users/jenniferwong/.rvm/gems/ruby-2.3.2/gems/web-console-2.2.1/lib/web_console/templates/error_page.js.erb within layouts/javascript (0.4ms)
  Rendered /Users/jenniferwong/.rvm/gems/ruby-2.3.2/gems/web-console-2.2.1/lib/web_console/templates/index.html.erb (108.6ms)


Started GET "/students" for ::1 at 2016-12-28 21:33:38 -0500
Processing by StudentsController#index as HTML
  [1m[35mStudent Load (0.5ms)[0m  SELECT "students".* FROM "students"
  Rendered students/index.html.erb within layouts/application (9.6ms)
Completed 500 Internal Server Error in 16ms (ActiveRecord: 1.0ms)

ActionView::Template::Error (undefined method `+' for nil:NilClass):
    1: <h1>Student Index</h1>
    2: <ul>
    3:   <% @students.each do |student| %>
    4:   <li><%= student.to_s %></li>
    5:   <%end %>
    6: </ul>
    7: 
  app/models/student.rb:3:in `to_s'
  app/views/students/index.html.erb:4:in `block in _app_views_students_index_html_erb___3627875916722016072_70327559668540'
  app/views/students/index.html.erb:3:in `_app_views_students_index_html_erb___3627875916722016072_70327559668540'


  Rendered /Users/jenniferwong/.rvm/gems/ruby-2.3.2/gems/actionpack-4.2.3/lib/action_dispatch/middleware/templates/rescues/_source.erb (6.0ms)
  Rendered /Users/jenniferwong/.rvm/gems/ruby-2.3.2/gems/actionpack-4.2.3/lib/action_dispatch/middleware/templates/rescues/_trace.html.erb (2.6ms)
  Rendered /Users/jenniferwong/.rvm/gems/ruby-2.3.2/gems/actionpack-4.2.3/lib/action_dispatch/middleware/templates/rescues/_request_and_response.html.erb (1.0ms)
  Rendered /Users/jenniferwong/.rvm/gems/ruby-2.3.2/gems/actionpack-4.2.3/lib/action_dispatch/middleware/templates/rescues/template_error.html.erb within rescues/layout (60.1ms)
  Rendered /Users/jenniferwong/.rvm/gems/ruby-2.3.2/gems/web-console-2.2.1/lib/web_console/templates/_markup.html.erb (0.6ms)
  Rendered /Users/jenniferwong/.rvm/gems/ruby-2.3.2/gems/web-console-2.2.1/lib/web_console/templates/_inner_console_markup.html.erb within layouts/inlined_string (0.4ms)
  Rendered /Users/jenniferwong/.rvm/gems/ruby-2.3.2/gems/web-console-2.2.1/lib/web_console/templates/_prompt_box_markup.html.erb within layouts/inlined_string (0.5ms)
  Rendered /Users/jenniferwong/.rvm/gems/ruby-2.3.2/gems/web-console-2.2.1/lib/web_console/templates/style.css.erb within layouts/inlined_string (0.4ms)
  Rendered /Users/jenniferwong/.rvm/gems/ruby-2.3.2/gems/web-console-2.2.1/lib/web_console/templates/console.js.erb within layouts/javascript (49.0ms)
  Rendered /Users/jenniferwong/.rvm/gems/ruby-2.3.2/gems/web-console-2.2.1/lib/web_console/templates/main.js.erb within layouts/javascript (0.4ms)
  Rendered /Users/jenniferwong/.rvm/gems/ruby-2.3.2/gems/web-console-2.2.1/lib/web_console/templates/error_page.js.erb within layouts/javascript (0.6ms)
  Rendered /Users/jenniferwong/.rvm/gems/ruby-2.3.2/gems/web-console-2.2.1/lib/web_console/templates/index.html.erb (112.5ms)
